[2021-06-02 12:52:52.463] [exthost] [info] extension host started
[2021-06-02 12:52:52.517] [exthost] [info] ExtensionService#_doActivateExtension rust-lang.rust {"startup":false,"extensionId":{"value":"rust-lang.rust","_lower":"rust-lang.rust"},"activationEvent":"onLanguage:rust"}
[2021-06-02 12:52:52.517] [exthost] [info] ExtensionService#loadCommonJSModule file:///home/chasemcdonald/.vscode-oss/extensions/rust-lang.rust-0.7.8/out/src/extension.js
[2021-06-02 12:52:52.583] [exthost] [info] ExtensionService#_doActivateExtension vscode.debug-auto-launch {"startup":true,"extensionId":{"value":"vscode.debug-auto-launch","_lower":"vscode.debug-auto-launch"},"activationEvent":"*"}
[2021-06-02 12:52:52.583] [exthost] [info] ExtensionService#loadCommonJSModule file:///usr/lib/code/extensions/debug-auto-launch/dist/extension
[2021-06-02 12:52:52.587] [exthost] [info] ExtensionService#_doActivateExtension vscode.git {"startup":true,"extensionId":{"value":"vscode.github","_lower":"vscode.github"},"activationEvent":"*"}
[2021-06-02 12:52:52.587] [exthost] [info] ExtensionService#loadCommonJSModule file:///usr/lib/code/extensions/git/dist/main
[2021-06-02 12:52:52.604] [exthost] [info] ExtensionService#_doActivateExtension dlasagno.wal-theme {"startup":true,"extensionId":{"value":"dlasagno.wal-theme","_lower":"dlasagno.wal-theme"},"activationEvent":"*"}
[2021-06-02 12:52:52.604] [exthost] [info] ExtensionService#loadCommonJSModule file:///home/chasemcdonald/.vscode-oss/extensions/dlasagno.wal-theme-1.0.4/out/extension.js
[2021-06-02 12:52:52.712] [exthost] [info] ExtensionService#_doActivateExtension vscode.github {"startup":true,"extensionId":{"value":"vscode.github","_lower":"vscode.github"},"activationEvent":"*"}
[2021-06-02 12:52:52.712] [exthost] [info] ExtensionService#loadCommonJSModule file:///usr/lib/code/extensions/github/dist/extension.js
[2021-06-02 12:52:52.780] [exthost] [info] eager extensions activated
[2021-06-02 12:52:52.793] [exthost] [info] ExtensionService#_doActivateExtension ms-vscode.js-debug {"startup":false,"extensionId":{"value":"ms-vscode.js-debug","_lower":"ms-vscode.js-debug"},"activationEvent":"onCommand:extension.js-debug.clearAutoAttachVariables"}
[2021-06-02 12:52:52.793] [exthost] [info] ExtensionService#loadCommonJSModule file:///usr/lib/code/extensions/ms-vscode.js-debug/src/extension.js
[2021-06-02 12:52:52.896] [exthost] [info] ExtensionService#_doActivateExtension vscode.emmet {"startup":false,"extensionId":{"value":"vscode.emmet","_lower":"vscode.emmet"},"activationEvent":"onStartupFinished"}
[2021-06-02 12:52:52.896] [exthost] [info] ExtensionService#loadCommonJSModule file:///usr/lib/code/extensions/emmet/dist/node/emmetNodeMain
[2021-06-02 12:52:52.901] [exthost] [info] ExtensionService#_doActivateExtension vscode.merge-conflict {"startup":false,"extensionId":{"value":"vscode.merge-conflict","_lower":"vscode.merge-conflict"},"activationEvent":"onStartupFinished"}
[2021-06-02 12:52:52.901] [exthost] [info] ExtensionService#loadCommonJSModule file:///usr/lib/code/extensions/merge-conflict/dist/mergeConflictMain
[2021-06-02 12:52:52.904] [exthost] [info] ExtensionService#_doActivateExtension vscode.testing-editor-contributions {"startup":false,"extensionId":{"value":"vscode.testing-editor-contributions","_lower":"vscode.testing-editor-contributions"},"activationEvent":"onStartupFinished"}
[2021-06-02 12:52:52.905] [exthost] [info] ExtensionService#loadCommonJSModule file:///usr/lib/code/extensions/testing-editor-contributions/dist/extension.js
[2021-06-02 13:08:57.715] [exthost] [info] extension host terminating: received terminate message from renderer
[2021-06-02 13:08:58.725] [exthost] [info] exiting with code 0
