Date: Tue May 25 13:08:20 2021
Error: signal 11
[bt]: (0) xournalpp(+0x1d95d2) [0x55cba42845d2]
[bt]: (1) /usr/lib/libc.so.6(+0x3cda0) [0x7f2051f5bda0]
[bt]: (2) /usr/lib/libgtk-3.so.0(+0x17351a) [0x7f2052deb51a]
[bt]: (3) /usr/lib/libgobject-2.0.so.0(g_closure_invoke+0x16f) [0x7f205278fddf]
[bt]: (4) /usr/lib/libgobject-2.0.so.0(+0x3bfbd) [0x7f20527b8fbd]
[bt]: (5) /usr/lib/libgobject-2.0.so.0(g_signal_emit_valist+0xe8d) [0x7f20527accad]
[bt]: (6) /usr/lib/libgobject-2.0.so.0(g_signal_emit+0x90) [0x7f20527ad210]
[bt]: (7) /usr/lib/libgtk-3.so.0(+0x17b5e3) [0x7f2052df35e3]
[bt]: (8) /usr/lib/libgtk-3.so.0(+0x17d9b0) [0x7f2052df59b0]
[bt]: (9) /usr/lib/libgtk-3.so.0(+0x17da34) [0x7f2052df5a34]
[bt]: (10) /usr/lib/libgio-2.0.so.0(+0xa03d4) [0x7f20528773d4]
[bt]: (11) /usr/lib/libgio-2.0.so.0(+0xa0409) [0x7f2052877409]
[bt]: (12) /usr/lib/libglib-2.0.so.0(g_main_context_dispatch+0x160) [0x7f2053474f30]
[bt]: (13) /usr/lib/libglib-2.0.so.0(+0xa7b59) [0x7f20534c8b59]
[bt]: (14) /usr/lib/libglib-2.0.so.0(g_main_loop_run+0x83) [0x7f2053474593]
[bt]: (15) /usr/lib/libgtk-3.so.0(gtk_main+0x9f) [0x7f2052e4e61f]
[bt]: (16) xournalpp(_ZN11XournalMain3runEiPPc+0xbc3) [0x55cba4170ab3]
[bt]: (17) xournalpp(main+0x37) [0x55cba4144177]
[bt]: (18) /usr/lib/libc.so.6(__libc_start_main+0xd5) [0x7f2051f46b25]
[bt]: (19) xournalpp(_start+0x2e) [0x55cba414470e]


Try to get a better stracktrace...
[bt] #1 xournalpp(+0x1d987b) [0x55cba428487b]
??:0
[bt] #2 /usr/lib/libc.so.6(+0x3cda0) [0x7f2051f5bda0]
??:0
[bt] #3 /usr/lib/libgtk-3.so.0(+0x17351a) [0x7f2052deb51a]
??:0
[bt] #4 /usr/lib/libgobject-2.0.so.0(g_closure_invoke+0x16f) [0x7f205278fddf]
??:0
[bt] #5 /usr/lib/libgobject-2.0.so.0(+0x3bfbd) [0x7f20527b8fbd]
??:0
[bt] #6 /usr/lib/libgobject-2.0.so.0(g_signal_emit_valist+0xe8d) [0x7f20527accad]
??:0
[bt] #7 /usr/lib/libgobject-2.0.so.0(g_signal_emit+0x90) [0x7f20527ad210]
??:0
[bt] #8 /usr/lib/libgtk-3.so.0(+0x17b5e3) [0x7f2052df35e3]
??:0
[bt] #9 /usr/lib/libgtk-3.so.0(+0x17d9b0) [0x7f2052df59b0]
??:0
[bt] #10 /usr/lib/libgtk-3.so.0(+0x17da34) [0x7f2052df5a34]
??:0
[bt] #11 /usr/lib/libgio-2.0.so.0(+0xa03d4) [0x7f20528773d4]
??:0
[bt] #12 /usr/lib/libgio-2.0.so.0(+0xa0409) [0x7f2052877409]
??:0
[bt] #13 /usr/lib/libglib-2.0.so.0(g_main_context_dispatch+0x160) [0x7f2053474f30]
??:0
[bt] #14 /usr/lib/libglib-2.0.so.0(+0xa7b59) [0x7f20534c8b59]
??:0
[bt] #15 /usr/lib/libglib-2.0.so.0(g_main_loop_run+0x83) [0x7f2053474593]
??:0
[bt] #16 /usr/lib/libgtk-3.so.0(gtk_main+0x9f) [0x7f2052e4e61f]
??:0
[bt] #17 xournalpp(_ZN11XournalMain3runEiPPc+0xbc3) [0x55cba4170ab3]
??:0
[bt] #18 xournalpp(main+0x37) [0x55cba4144177]
??:0
[bt] #19 /usr/lib/libc.so.6(__libc_start_main+0xd5) [0x7f2051f46b25]
??:0
[bt] #20 xournalpp(_start+0x2e) [0x55cba414470e]
??:0
