[2021-06-02 13:08:51.053] [exthost] [info] extension host started
[2021-06-02 13:08:51.088] [exthost] [info] ExtensionService#_doActivateExtension vscode.debug-auto-launch {"startup":true,"extensionId":{"value":"vscode.debug-auto-launch","_lower":"vscode.debug-auto-launch"},"activationEvent":"*"}
[2021-06-02 13:08:51.088] [exthost] [info] ExtensionService#loadCommonJSModule file:///usr/lib/code/extensions/debug-auto-launch/dist/extension
[2021-06-02 13:08:51.091] [exthost] [info] ExtensionService#_doActivateExtension vscode.git {"startup":true,"extensionId":{"value":"vscode.github","_lower":"vscode.github"},"activationEvent":"*"}
[2021-06-02 13:08:51.091] [exthost] [info] ExtensionService#loadCommonJSModule file:///usr/lib/code/extensions/git/dist/main
[2021-06-02 13:08:51.106] [exthost] [info] ExtensionService#_doActivateExtension dlasagno.wal-theme {"startup":true,"extensionId":{"value":"dlasagno.wal-theme","_lower":"dlasagno.wal-theme"},"activationEvent":"*"}
[2021-06-02 13:08:51.106] [exthost] [info] ExtensionService#loadCommonJSModule file:///home/chasemcdonald/.vscode-oss/extensions/dlasagno.wal-theme-1.0.4/out/extension.js
[2021-06-02 13:08:51.119] [exthost] [info] ExtensionService#_doActivateExtension rust-lang.rust {"startup":true,"extensionId":{"value":"rust-lang.rust","_lower":"rust-lang.rust"},"activationEvent":"workspaceContains:Cargo.toml"}
[2021-06-02 13:08:51.119] [exthost] [info] ExtensionService#loadCommonJSModule file:///home/chasemcdonald/.vscode-oss/extensions/rust-lang.rust-0.7.8/out/src/extension.js
[2021-06-02 13:08:51.202] [exthost] [info] ExtensionService#_doActivateExtension vscode.github {"startup":true,"extensionId":{"value":"vscode.github","_lower":"vscode.github"},"activationEvent":"*"}
[2021-06-02 13:08:51.203] [exthost] [info] ExtensionService#loadCommonJSModule file:///usr/lib/code/extensions/github/dist/extension.js
[2021-06-02 13:08:51.234] [exthost] [info] eager extensions activated
[2021-06-02 13:08:51.276] [exthost] [info] ExtensionService#_doActivateExtension ms-vscode.js-debug {"startup":false,"extensionId":{"value":"ms-vscode.js-debug","_lower":"ms-vscode.js-debug"},"activationEvent":"onCommand:extension.js-debug.clearAutoAttachVariables"}
[2021-06-02 13:08:51.276] [exthost] [info] ExtensionService#loadCommonJSModule file:///usr/lib/code/extensions/ms-vscode.js-debug/src/extension.js
[2021-06-02 13:08:51.364] [exthost] [info] ExtensionService#_doActivateExtension vscode.emmet {"startup":false,"extensionId":{"value":"vscode.emmet","_lower":"vscode.emmet"},"activationEvent":"onStartupFinished"}
[2021-06-02 13:08:51.364] [exthost] [info] ExtensionService#loadCommonJSModule file:///usr/lib/code/extensions/emmet/dist/node/emmetNodeMain
[2021-06-02 13:08:51.369] [exthost] [info] ExtensionService#_doActivateExtension vscode.merge-conflict {"startup":false,"extensionId":{"value":"vscode.merge-conflict","_lower":"vscode.merge-conflict"},"activationEvent":"onStartupFinished"}
[2021-06-02 13:08:51.369] [exthost] [info] ExtensionService#loadCommonJSModule file:///usr/lib/code/extensions/merge-conflict/dist/mergeConflictMain
[2021-06-02 13:08:51.371] [exthost] [info] ExtensionService#_doActivateExtension vscode.testing-editor-contributions {"startup":false,"extensionId":{"value":"vscode.testing-editor-contributions","_lower":"vscode.testing-editor-contributions"},"activationEvent":"onStartupFinished"}
[2021-06-02 13:08:51.371] [exthost] [info] ExtensionService#loadCommonJSModule file:///usr/lib/code/extensions/testing-editor-contributions/dist/extension.js
[2021-06-02 13:09:07.172] [exthost] [info] ExtensionService#_doActivateExtension bungcip.better-toml {"startup":false,"extensionId":{"value":"bungcip.better-toml","_lower":"bungcip.better-toml"},"activationEvent":"onLanguage:toml"}
[2021-06-02 13:09:07.172] [exthost] [info] ExtensionService#loadCommonJSModule file:///home/chasemcdonald/.vscode-oss/extensions/bungcip.better-toml-0.3.2/out/src/extension
[2021-06-02 13:28:18.008] [exthost] [info] extension host terminating: received terminate message from renderer
[2021-06-02 13:28:19.026] [exthost] [info] exiting with code 0
